Drill report for pmf_B1.kicad_pcb
Created on Tue Apr  4 20:10:10 2023

Copper Layer Stackup:
    =============================================================
    L1 :  F.Cu                      front
    L2 :  B.Cu                      back


Drill file 'pmf_B1.drl' contains
    plated through holes:
    =============================================================
    T1  0.400mm  0.0157"  (9 holes)
    T2  0.700mm  0.0276"  (9 holes)
    T3  0.800mm  0.0315"  (204 holes)
    T4  1.000mm  0.0394"  (69 holes)  (with 30 slots)
    T5  1.016mm  0.0400"  (10 holes)
    T6  1.100mm  0.0433"  (4 holes)

    Total plated holes count 305


Not plated through holes are merged with plated holes
    unplated through holes:
    =============================================================
    T7  3.200mm  0.1260"  (3 holes)

    Total unplated holes count 3
